0 info it worked if it ends with ok
1 verbose cli [ 'C:\\Program Files (x86)\\nodejs\\\\node.exe',
1 verbose cli   'C:\\Program Files (x86)\\nodejs\\node_modules\\npm\\bin\\npm-cli.js',
1 verbose cli   'install',
1 verbose cli   'bcrypt' ]
2 info using npm@2.11.3
3 info using node@v0.12.7
4 verbose install initial load of D:\app\wamp\www\LSP\package.json
5 warn package.json LSP@1.0.0 No description
6 warn package.json LSP@1.0.0 No repository field.
7 warn package.json LSP@1.0.0 No README data
8 verbose installManyTop reading scoped package data from D:\app\wamp\www\LSP\node_modules\autoprefixer-core\package.json
9 verbose installManyTop reading scoped package data from D:\app\wamp\www\LSP\node_modules\body-parser\package.json
10 verbose installManyTop reading scoped package data from D:\app\wamp\www\LSP\node_modules\express\package.json
11 verbose installManyTop reading scoped package data from D:\app\wamp\www\LSP\node_modules\grunt\package.json
12 verbose installManyTop reading scoped package data from D:\app\wamp\www\LSP\node_modules\grunt-autoprefixer\package.json
13 verbose installManyTop reading scoped package data from D:\app\wamp\www\LSP\node_modules\grunt-concurrent\package.json
14 verbose installManyTop reading scoped package data from D:\app\wamp\www\LSP\node_modules\grunt-contrib-concat\package.json
15 verbose installManyTop reading scoped package data from D:\app\wamp\www\LSP\node_modules\grunt-contrib-cssmin\package.json
16 verbose installManyTop reading scoped package data from D:\app\wamp\www\LSP\node_modules\grunt-contrib-imagemin\package.json
17 verbose installManyTop reading scoped package data from D:\app\wamp\www\LSP\node_modules\grunt-contrib-requirejs\package.json
18 verbose installManyTop reading scoped package data from D:\app\wamp\www\LSP\node_modules\grunt-contrib-uglify\package.json
19 verbose installManyTop reading scoped package data from D:\app\wamp\www\LSP\node_modules\grunt-contrib-watch\package.json
20 verbose installManyTop reading scoped package data from D:\app\wamp\www\LSP\node_modules\grunt-grunticon\package.json
21 verbose installManyTop reading scoped package data from D:\app\wamp\www\LSP\node_modules\grunt-newer\package.json
22 verbose installManyTop reading scoped package data from D:\app\wamp\www\LSP\node_modules\grunt-nodemon\package.json
23 verbose installManyTop reading scoped package data from D:\app\wamp\www\LSP\node_modules\grunt-postcss\package.json
24 verbose installManyTop reading scoped package data from D:\app\wamp\www\LSP\node_modules\grunt-sass\package.json
25 verbose installManyTop reading scoped package data from D:\app\wamp\www\LSP\node_modules\grunt-spritesmith\package.json
26 verbose installManyTop reading scoped package data from D:\app\wamp\www\LSP\node_modules\grunt-svgmin\package.json
27 verbose installManyTop reading scoped package data from D:\app\wamp\www\LSP\node_modules\grunt-text-replace\package.json
28 verbose installManyTop reading scoped package data from D:\app\wamp\www\LSP\node_modules\load-grunt-tasks\package.json
29 verbose installManyTop reading scoped package data from D:\app\wamp\www\LSP\node_modules\method-override\package.json
30 verbose installManyTop reading scoped package data from D:\app\wamp\www\LSP\node_modules\mongo-express\package.json
31 verbose installManyTop reading scoped package data from D:\app\wamp\www\LSP\node_modules\mongoose\package.json
32 verbose installManyTop reading scoped package data from D:\app\wamp\www\LSP\node_modules\nodemon\package.json
33 verbose installManyTop reading scoped package data from D:\app\wamp\www\LSP\node_modules\passport-local\package.json
34 verbose installManyTop reading scoped package data from D:\app\wamp\www\LSP\node_modules\rimraf\package.json
35 verbose installManyTop reading scoped package data from D:\app\wamp\www\LSP\node_modules\time-grunt\package.json
36 info package.json grunt@0.4.5 No license field.
37 info package.json grunt-contrib-concat@0.5.1 No license field.
38 info package.json grunt-contrib-cssmin@0.12.3 No license field.
39 info package.json grunt-contrib-requirejs@0.4.4 No license field.
40 info package.json grunt-contrib-uglify@0.8.1 No license field.
41 info package.json grunt-contrib-watch@0.6.1 No license field.
42 info package.json grunt-svgmin@3.1.0 No license field.
43 info package.json grunt-text-replace@0.4.0 No license field.
44 info package.json passport-local@1.0.0 No license field.
45 verbose readDependencies loading dependencies from D:\app\wamp\www\LSP\package.json
46 silly cache add args [ 'bcrypt', null ]
47 verbose cache add spec bcrypt
48 silly cache add parsed spec { raw: 'bcrypt',
48 silly cache add   scope: null,
48 silly cache add   name: 'bcrypt',
48 silly cache add   rawSpec: '',
48 silly cache add   spec: '*',
48 silly cache add   type: 'range' }
49 silly addNamed bcrypt@*
50 verbose addNamed "*" is a valid semver range for bcrypt
51 silly addNameRange { name: 'bcrypt', range: '*', hasData: false }
52 silly mapToRegistry name bcrypt
53 silly mapToRegistry using default registry
54 silly mapToRegistry registry https://registry.npmjs.org/
55 silly mapToRegistry uri https://registry.npmjs.org/bcrypt
56 verbose addNameRange registry:https://registry.npmjs.org/bcrypt not in flight; fetching
57 verbose request uri https://registry.npmjs.org/bcrypt
58 verbose request no auth needed
59 info attempt registry request try #1 at 09:48:05
60 verbose request id 7ae090d2f05af9f8
61 verbose etag "DRCAA3NWFRLNHS18TSTWHXLLC"
62 http request GET https://registry.npmjs.org/bcrypt
63 http 304 https://registry.npmjs.org/bcrypt
64 silly get cb [ 304,
64 silly get   { date: 'Fri, 18 Dec 2015 00:48:15 GMT',
64 silly get     via: '1.1 varnish',
64 silly get     'cache-control': 'max-age=300',
64 silly get     etag: '"DRCAA3NWFRLNHS18TSTWHXLLC"',
64 silly get     age: '0',
64 silly get     connection: 'keep-alive',
64 silly get     'x-served-by': 'cache-fra1223-FRA',
64 silly get     'x-cache': 'HIT',
64 silly get     'x-cache-hits': '1',
64 silly get     'x-timer': 'S1450399695.028562,VS0,VE101',
64 silly get     vary: 'Accept' } ]
65 verbose etag https://registry.npmjs.org/bcrypt from cache
66 verbose get saving bcrypt to C:\Users\David\AppData\Roaming\npm-cache\registry.npmjs.org\bcrypt\.cache.json
67 silly addNameRange number 2 { name: 'bcrypt', range: '*', hasData: true }
68 silly addNameRange versions [ 'bcrypt',
68 silly addNameRange   [ '0.1.2',
68 silly addNameRange     '0.2.0',
68 silly addNameRange     '0.2.1',
68 silly addNameRange     '0.1.3',
68 silly addNameRange     '0.2.2',
68 silly addNameRange     '0.2.3',
68 silly addNameRange     '0.2.4',
68 silly addNameRange     '0.3.0',
68 silly addNameRange     '0.3.1',
68 silly addNameRange     '0.3.2',
68 silly addNameRange     '0.4.0',
68 silly addNameRange     '0.4.1',
68 silly addNameRange     '0.5.0',
68 silly addNameRange     '0.6.0',
68 silly addNameRange     '0.7.0',
68 silly addNameRange     '0.7.1',
68 silly addNameRange     '0.7.2',
68 silly addNameRange     '0.7.3',
68 silly addNameRange     '0.7.4',
68 silly addNameRange     '0.7.5',
68 silly addNameRange     '0.7.6',
68 silly addNameRange     '0.7.7',
68 silly addNameRange     '0.7.8',
68 silly addNameRange     '0.8.0',
68 silly addNameRange     '0.8.1',
68 silly addNameRange     '0.8.2',
68 silly addNameRange     '0.8.3',
68 silly addNameRange     '0.8.4',
68 silly addNameRange     '0.8.5' ] ]
69 silly addNamed bcrypt@0.8.5
70 verbose addNamed "0.8.5" is a plain semver version for bcrypt
71 silly cache afterAdd bcrypt@0.8.5
72 verbose afterAdd C:\Users\David\AppData\Roaming\npm-cache\bcrypt\0.8.5\package\package.json not in flight; writing
73 verbose afterAdd C:\Users\David\AppData\Roaming\npm-cache\bcrypt\0.8.5\package\package.json written
74 silly install resolved [ { name: 'bcrypt',
74 silly install resolved     description: 'A bcrypt library for NodeJS.',
74 silly install resolved     keywords:
74 silly install resolved      [ 'bcrypt',
74 silly install resolved        'password',
74 silly install resolved        'auth',
74 silly install resolved        'authentication',
74 silly install resolved        'encryption',
74 silly install resolved        'crypt',
74 silly install resolved        'crypto' ],
74 silly install resolved     main: './bcrypt',
74 silly install resolved     version: '0.8.5',
74 silly install resolved     author: { name: 'Nick Campbell', url: 'https://github.com/ncb000gt' },
74 silly install resolved     engines: { node: '>= 0.6.0' },
74 silly install resolved     repository:
74 silly install resolved      { type: 'git',
74 silly install resolved        url: 'git+https://github.com/ncb000gt/node.bcrypt.js.git' },
74 silly install resolved     license: 'MIT',
74 silly install resolved     bugs: { url: 'https://github.com/ncb000gt/node.bcrypt.js/issues' },
74 silly install resolved     scripts:
74 silly install resolved      { test: 'node-gyp configure build && nodeunit test',
74 silly install resolved        install: 'node-gyp rebuild' },
74 silly install resolved     dependencies: { bindings: '1.2.1', nan: '2.0.5' },
74 silly install resolved     devDependencies: { nodeunit: '~0.9.1' },
74 silly install resolved     contributors:
74 silly install resolved      [ [Object],
74 silly install resolved        [Object],
74 silly install resolved        [Object],
74 silly install resolved        [Object],
74 silly install resolved        [Object],
74 silly install resolved        [Object],
74 silly install resolved        [Object],
74 silly install resolved        [Object],
74 silly install resolved        [Object],
74 silly install resolved        [Object],
74 silly install resolved        [Object],
74 silly install resolved        [Object],
74 silly install resolved        [Object],
74 silly install resolved        [Object] ],
74 silly install resolved     gypfile: true,
74 silly install resolved     gitHead: '5d97708f06754d7d7989c67ba867002d10013615',
74 silly install resolved     homepage: 'https://github.com/ncb000gt/node.bcrypt.js#readme',
74 silly install resolved     _id: 'bcrypt@0.8.5',
74 silly install resolved     _shasum: '8e5b81b4db80e944f440005979ca8d58a961861d',
74 silly install resolved     _from: 'bcrypt@*',
74 silly install resolved     _npmVersion: '2.13.3',
74 silly install resolved     _nodeVersion: '3.0.0',
74 silly install resolved     _npmUser: { name: 'defunctzombie', email: 'shtylman@gmail.com' },
74 silly install resolved     dist:
74 silly install resolved      { shasum: '8e5b81b4db80e944f440005979ca8d58a961861d',
74 silly install resolved        tarball: 'http://registry.npmjs.org/bcrypt/-/bcrypt-0.8.5.tgz' },
74 silly install resolved     maintainers: [ [Object], [Object], [Object], [Object] ],
74 silly install resolved     directories: {},
74 silly install resolved     _resolved: 'https://registry.npmjs.org/bcrypt/-/bcrypt-0.8.5.tgz',
74 silly install resolved     readme: 'ERROR: No README data found!' } ]
75 info install bcrypt@0.8.5 into D:\app\wamp\www\LSP
76 info installOne bcrypt@0.8.5
77 verbose installOne of bcrypt to D:\app\wamp\www\LSP not in flight; installing
78 verbose lock using C:\Users\David\AppData\Roaming\npm-cache\_locks\bcrypt-a046ca4be916174c.lock for D:\app\wamp\www\LSP\node_modules\bcrypt
79 silly install write writing bcrypt 0.8.5 to D:\app\wamp\www\LSP\node_modules\bcrypt
80 verbose unbuild node_modules\bcrypt
81 silly gentlyRm D:\app\wamp\www\LSP\node_modules\bcrypt is being purged from base D:\app\wamp\www\LSP
82 verbose gentlyRm don't care about contents; nuking D:\app\wamp\www\LSP\node_modules\bcrypt
83 verbose tar unpack C:\Users\David\AppData\Roaming\npm-cache\bcrypt\0.8.5\package.tgz
84 verbose tar unpacking to D:\app\wamp\www\LSP\node_modules\bcrypt
85 silly gentlyRm D:\app\wamp\www\LSP\node_modules\bcrypt is being purged
86 verbose gentlyRm don't care about contents; nuking D:\app\wamp\www\LSP\node_modules\bcrypt
87 silly gunzTarPerm modes [ '777', '666' ]
88 silly gunzTarPerm extractEntry package.json
89 silly gunzTarPerm modified mode [ 'package.json', 420, 438 ]
90 silly gunzTarPerm extractEntry .npmignore
91 silly gunzTarPerm modified mode [ '.npmignore', 420, 438 ]
92 silly gunzTarPerm extractEntry README.md
93 silly gunzTarPerm modified mode [ 'README.md', 420, 438 ]
94 silly gunzTarPerm extractEntry LICENSE
95 silly gunzTarPerm modified mode [ 'LICENSE', 420, 438 ]
96 silly gunzTarPerm extractEntry bcrypt.js
97 silly gunzTarPerm modified mode [ 'bcrypt.js', 420, 438 ]
98 silly gunzTarPerm extractEntry binding.gyp
99 silly gunzTarPerm modified mode [ 'binding.gyp', 420, 438 ]
100 silly gunzTarPerm extractEntry .travis.yml
101 silly gunzTarPerm modified mode [ '.travis.yml', 420, 438 ]
102 silly gunzTarPerm extractEntry CHANGELOG.md
103 silly gunzTarPerm modified mode [ 'CHANGELOG.md', 420, 438 ]
104 silly gunzTarPerm extractEntry examples/async_compare.js
105 silly gunzTarPerm modified mode [ 'examples/async_compare.js', 420, 438 ]
106 silly gunzTarPerm extractEntry examples/forever_gen_salt.js
107 silly gunzTarPerm modified mode [ 'examples/forever_gen_salt.js', 420, 438 ]
108 silly gunzTarPerm extractEntry test/async.js
109 silly gunzTarPerm modified mode [ 'test/async.js', 420, 438 ]
110 silly gunzTarPerm extractEntry test/repetitions.js
111 silly gunzTarPerm modified mode [ 'test/repetitions.js', 420, 438 ]
112 silly gunzTarPerm extractEntry test/sync.js
113 silly gunzTarPerm modified mode [ 'test/sync.js', 420, 438 ]
114 silly gunzTarPerm extractEntry Makefile
115 silly gunzTarPerm modified mode [ 'Makefile', 420, 438 ]
116 silly gunzTarPerm extractEntry src/bcrypt.cc
117 silly gunzTarPerm modified mode [ 'src/bcrypt.cc', 420, 438 ]
118 silly gunzTarPerm extractEntry src/bcrypt_node.cc
119 silly gunzTarPerm modified mode [ 'src/bcrypt_node.cc', 420, 438 ]
120 silly gunzTarPerm extractEntry src/blowfish.cc
121 silly gunzTarPerm modified mode [ 'src/blowfish.cc', 420, 438 ]
122 silly gunzTarPerm extractEntry src/node_blf.h
123 silly gunzTarPerm modified mode [ 'src/node_blf.h', 420, 438 ]
124 silly gunzTarPerm extractEntry werker.yml
125 silly gunzTarPerm modified mode [ 'werker.yml', 420, 438 ]
126 verbose write writing to D:\app\wamp\www\LSP\node_modules\bcrypt\package.json
127 info preinstall bcrypt@0.8.5
128 verbose readDependencies loading dependencies from D:\app\wamp\www\LSP\node_modules\bcrypt\package.json
129 silly prepareForInstallMany adding bindings@1.2.1 from bcrypt dependencies
130 silly prepareForInstallMany adding nan@2.0.5 from bcrypt dependencies
131 verbose readDependencies loading dependencies from D:\app\wamp\www\LSP\node_modules\bcrypt\package.json
132 silly cache add args [ 'nan@2.0.5', null ]
133 verbose cache add spec nan@2.0.5
134 silly cache add parsed spec { raw: 'nan@2.0.5',
134 silly cache add   scope: null,
134 silly cache add   name: 'nan',
134 silly cache add   rawSpec: '2.0.5',
134 silly cache add   spec: '2.0.5',
134 silly cache add   type: 'version' }
135 silly addNamed nan@2.0.5
136 verbose addNamed "2.0.5" is a plain semver version for nan
137 silly mapToRegistry name nan
138 silly mapToRegistry using default registry
139 silly mapToRegistry registry https://registry.npmjs.org/
140 silly mapToRegistry uri https://registry.npmjs.org/nan
141 verbose addNameVersion registry:https://registry.npmjs.org/nan not in flight; fetching
142 silly cache add args [ 'bindings@1.2.1', null ]
143 verbose cache add spec bindings@1.2.1
144 silly cache add parsed spec { raw: 'bindings@1.2.1',
144 silly cache add   scope: null,
144 silly cache add   name: 'bindings',
144 silly cache add   rawSpec: '1.2.1',
144 silly cache add   spec: '1.2.1',
144 silly cache add   type: 'version' }
145 silly addNamed bindings@1.2.1
146 verbose addNamed "1.2.1" is a plain semver version for bindings
147 silly mapToRegistry name bindings
148 silly mapToRegistry using default registry
149 silly mapToRegistry registry https://registry.npmjs.org/
150 silly mapToRegistry uri https://registry.npmjs.org/bindings
151 verbose addNameVersion registry:https://registry.npmjs.org/bindings not in flight; fetching
152 verbose request uri https://registry.npmjs.org/bindings
153 verbose request no auth needed
154 info attempt registry request try #1 at 09:48:06
155 verbose etag "2RXG5K4RRQWEOOFOAOOKVPOZR"
156 http request GET https://registry.npmjs.org/bindings
157 verbose request uri https://registry.npmjs.org/nan
158 verbose request no auth needed
159 info attempt registry request try #1 at 09:48:06
160 verbose etag "7CEDVJA24M9BXRU7SU6WRSW4M"
161 http request GET https://registry.npmjs.org/nan
162 http 304 https://registry.npmjs.org/bindings
163 silly get cb [ 304,
163 silly get   { date: 'Fri, 18 Dec 2015 00:48:16 GMT',
163 silly get     via: '1.1 varnish',
163 silly get     'cache-control': 'max-age=60',
163 silly get     etag: '"2RXG5K4RRQWEOOFOAOOKVPOZR"',
163 silly get     age: '58',
163 silly get     connection: 'keep-alive',
163 silly get     'x-served-by': 'cache-fra1238-FRA',
163 silly get     'x-cache': 'HIT',
163 silly get     'x-cache-hits': '1',
163 silly get     'x-timer': 'S1450399696.370408,VS0,VE0',
163 silly get     vary: 'Accept' } ]
164 verbose etag https://registry.npmjs.org/bindings from cache
165 verbose get saving bindings to C:\Users\David\AppData\Roaming\npm-cache\registry.npmjs.org\bindings\.cache.json
166 silly cache afterAdd bindings@1.2.1
167 verbose afterAdd C:\Users\David\AppData\Roaming\npm-cache\bindings\1.2.1\package\package.json not in flight; writing
168 verbose afterAdd C:\Users\David\AppData\Roaming\npm-cache\bindings\1.2.1\package\package.json written
169 http 304 https://registry.npmjs.org/nan
170 silly get cb [ 304,
170 silly get   { date: 'Fri, 18 Dec 2015 00:48:16 GMT',
170 silly get     via: '1.1 varnish',
170 silly get     'cache-control': 'max-age=60',
170 silly get     etag: '"7CEDVJA24M9BXRU7SU6WRSW4M"',
170 silly get     age: '0',
170 silly get     connection: 'keep-alive',
170 silly get     'x-served-by': 'cache-fra1240-FRA',
170 silly get     'x-cache': 'HIT',
170 silly get     'x-cache-hits': '1',
170 silly get     'x-timer': 'S1450399696.373933,VS0,VE402',
170 silly get     vary: 'Accept' } ]
171 verbose etag https://registry.npmjs.org/nan from cache
172 verbose get saving nan to C:\Users\David\AppData\Roaming\npm-cache\registry.npmjs.org\nan\.cache.json
173 silly cache afterAdd nan@2.0.5
174 verbose afterAdd C:\Users\David\AppData\Roaming\npm-cache\nan\2.0.5\package\package.json not in flight; writing
175 verbose afterAdd C:\Users\David\AppData\Roaming\npm-cache\nan\2.0.5\package\package.json written
176 silly install resolved [ { name: 'bindings',
176 silly install resolved     description: 'Helper module for loading your native module\'s .node file',
176 silly install resolved     keywords: [ 'native', 'addon', 'bindings', 'gyp', 'waf', 'c', 'c++' ],
176 silly install resolved     version: '1.2.1',
176 silly install resolved     author:
176 silly install resolved      { name: 'Nathan Rajlich',
176 silly install resolved        email: 'nathan@tootallnate.net',
176 silly install resolved        url: 'http://tootallnate.net' },
176 silly install resolved     repository:
176 silly install resolved      { type: 'git',
176 silly install resolved        url: 'git://github.com/TooTallNate/node-bindings.git' },
176 silly install resolved     main: './bindings.js',
176 silly install resolved     bugs: { url: 'https://github.com/TooTallNate/node-bindings/issues' },
176 silly install resolved     homepage: 'https://github.com/TooTallNate/node-bindings',
176 silly install resolved     license: 'MIT',
176 silly install resolved     gitHead: 'e404152ee27f8478ccbc7122ee051246e8e5ec02',
176 silly install resolved     _id: 'bindings@1.2.1',
176 silly install resolved     scripts: {},
176 silly install resolved     _shasum: '14ad6113812d2d37d72e67b4cacb4bb726505f11',
176 silly install resolved     _from: 'bindings@1.2.1',
176 silly install resolved     _npmVersion: '1.4.14',
176 silly install resolved     _npmUser: { name: 'tootallnate', email: 'nathan@tootallnate.net' },
176 silly install resolved     maintainers: [ [Object], [Object] ],
176 silly install resolved     dist:
176 silly install resolved      { shasum: '14ad6113812d2d37d72e67b4cacb4bb726505f11',
176 silly install resolved        tarball: 'http://registry.npmjs.org/bindings/-/bindings-1.2.1.tgz' },
176 silly install resolved     directories: {},
176 silly install resolved     _resolved: 'https://registry.npmjs.org/bindings/-/bindings-1.2.1.tgz',
176 silly install resolved     readme: 'ERROR: No README data found!' },
176 silly install resolved   { name: 'nan',
176 silly install resolved     version: '2.0.5',
176 silly install resolved     description: 'Native Abstractions for Node.js: C++ header for Node 0.8->0.12 compatibility',
176 silly install resolved     main: 'include_dirs.js',
176 silly install resolved     repository: { type: 'git', url: 'git://github.com/nodejs/nan.git' },
176 silly install resolved     scripts:
176 silly install resolved      { test: 'tap --gc test/js/*-test.js',
176 silly install resolved        'rebuild-tests': 'pangyp rebuild --msvs_version=2013 --directory test',
176 silly install resolved        docs: 'doc/.build.sh' },
176 silly install resolved     contributors:
176 silly install resolved      [ [Object],
176 silly install resolved        [Object],
176 silly install resolved        [Object],
176 silly install resolved        [Object],
176 silly install resolved        [Object],
176 silly install resolved        [Object],
176 silly install resolved        [Object] ],
176 silly install resolved     devDependencies:
176 silly install resolved      { bindings: '~1.2.1',
176 silly install resolved        'node-gyp': '~2.0.2',
176 silly install resolved        pangyp: '~2.2.0',
176 silly install resolved        tap: '~0.7.1',
176 silly install resolved        xtend: '~4.0.0' },
176 silly install resolved     license: 'MIT',
176 silly install resolved     gitHead: 'd13a2e9ce762fd130877b53c71d35963fa2cf689',
176 silly install resolved     bugs: { url: 'https://github.com/nodejs/nan/issues' },
176 silly install resolved     homepage: 'https://github.com/nodejs/nan#readme',
176 silly install resolved     _id: 'nan@2.0.5',
176 silly install resolved     _shasum: '365888014be1fd178db0cbfa258edf7b0cb1c408',
176 silly install resolved     _from: 'nan@2.0.5',
176 silly install resolved     _npmVersion: '2.13.3',
176 silly install resolved     _nodeVersion: '3.0.0',
176 silly install resolved     _npmUser: { name: 'kkoopa', email: 'bbyholm@abo.fi' },
176 silly install resolved     maintainers: [ [Object], [Object] ],
176 silly install resolved     dist:
176 silly install resolved      { shasum: '365888014be1fd178db0cbfa258edf7b0cb1c408',
176 silly install resolved        tarball: 'http://registry.npmjs.org/nan/-/nan-2.0.5.tgz' },
176 silly install resolved     directories: {},
176 silly install resolved     _resolved: 'https://registry.npmjs.org/nan/-/nan-2.0.5.tgz',
176 silly install resolved     readme: 'ERROR: No README data found!' } ]
177 info install bindings@1.2.1 into D:\app\wamp\www\LSP\node_modules\bcrypt
178 info install nan@2.0.5 into D:\app\wamp\www\LSP\node_modules\bcrypt
179 info installOne bindings@1.2.1
180 verbose installOne of bindings to D:\app\wamp\www\LSP\node_modules\bcrypt not in flight; installing
181 info installOne nan@2.0.5
182 verbose installOne of nan to D:\app\wamp\www\LSP\node_modules\bcrypt not in flight; installing
183 verbose lock using C:\Users\David\AppData\Roaming\npm-cache\_locks\bindings-553792a97765421b.lock for D:\app\wamp\www\LSP\node_modules\bcrypt\node_modules\bindings
184 silly install write writing bindings 1.2.1 to D:\app\wamp\www\LSP\node_modules\bcrypt\node_modules\bindings
185 verbose lock using C:\Users\David\AppData\Roaming\npm-cache\_locks\nan-9ea5a7083e69c6e4.lock for D:\app\wamp\www\LSP\node_modules\bcrypt\node_modules\nan
186 silly install write writing nan 2.0.5 to D:\app\wamp\www\LSP\node_modules\bcrypt\node_modules\nan
187 verbose unbuild node_modules\bcrypt\node_modules\bindings
188 verbose unbuild node_modules\bcrypt\node_modules\nan
189 silly gentlyRm D:\app\wamp\www\LSP\node_modules\bcrypt\node_modules\bindings is being purged from base D:\app\wamp\www\LSP
190 verbose gentlyRm don't care about contents; nuking D:\app\wamp\www\LSP\node_modules\bcrypt\node_modules\bindings
191 verbose tar unpack C:\Users\David\AppData\Roaming\npm-cache\bindings\1.2.1\package.tgz
192 verbose tar unpacking to D:\app\wamp\www\LSP\node_modules\bcrypt\node_modules\bindings
193 silly gentlyRm D:\app\wamp\www\LSP\node_modules\bcrypt\node_modules\bindings is being purged
194 verbose gentlyRm don't care about contents; nuking D:\app\wamp\www\LSP\node_modules\bcrypt\node_modules\bindings
195 silly gentlyRm D:\app\wamp\www\LSP\node_modules\bcrypt\node_modules\nan is being purged from base D:\app\wamp\www\LSP
196 verbose gentlyRm don't care about contents; nuking D:\app\wamp\www\LSP\node_modules\bcrypt\node_modules\nan
197 silly gunzTarPerm modes [ '777', '666' ]
198 verbose tar unpack C:\Users\David\AppData\Roaming\npm-cache\nan\2.0.5\package.tgz
199 verbose tar unpacking to D:\app\wamp\www\LSP\node_modules\bcrypt\node_modules\nan
200 silly gentlyRm D:\app\wamp\www\LSP\node_modules\bcrypt\node_modules\nan is being purged
201 verbose gentlyRm don't care about contents; nuking D:\app\wamp\www\LSP\node_modules\bcrypt\node_modules\nan
202 silly gunzTarPerm modes [ '777', '666' ]
203 silly gunzTarPerm extractEntry package.json
204 silly gunzTarPerm modified mode [ 'package.json', 420, 438 ]
205 silly gunzTarPerm extractEntry package.json
206 silly gunzTarPerm modified mode [ 'package.json', 436, 438 ]
207 silly gunzTarPerm extractEntry README.md
208 silly gunzTarPerm modified mode [ 'README.md', 420, 438 ]
209 silly gunzTarPerm extractEntry bindings.js
210 silly gunzTarPerm modified mode [ 'bindings.js', 420, 438 ]
211 silly gunzTarPerm extractEntry README.md
212 silly gunzTarPerm modified mode [ 'README.md', 436, 438 ]
213 silly gunzTarPerm extractEntry include_dirs.js
214 silly gunzTarPerm modified mode [ 'include_dirs.js', 436, 438 ]
215 silly gunzTarPerm extractEntry nan_converters.h
216 silly gunzTarPerm modified mode [ 'nan_converters.h', 436, 438 ]
217 silly gunzTarPerm extractEntry LICENSE.md
218 silly gunzTarPerm modified mode [ 'LICENSE.md', 436, 438 ]
219 silly gunzTarPerm extractEntry .dntrc
220 silly gunzTarPerm modified mode [ '.dntrc', 436, 438 ]
221 silly gunzTarPerm extractEntry appveyor.yml
222 silly gunzTarPerm modified mode [ 'appveyor.yml', 436, 438 ]
223 silly gunzTarPerm extractEntry doc/new.md
224 silly gunzTarPerm modified mode [ 'doc/new.md', 436, 438 ]
225 silly gunzTarPerm extractEntry doc/.build.sh
226 silly gunzTarPerm modified mode [ 'doc/.build.sh', 509, 511 ]
227 verbose write writing to D:\app\wamp\www\LSP\node_modules\bcrypt\node_modules\bindings\package.json
228 silly gunzTarPerm extractEntry doc/buffers.md
229 silly gunzTarPerm modified mode [ 'doc/buffers.md', 436, 438 ]
230 silly gunzTarPerm extractEntry doc/callback.md
231 silly gunzTarPerm modified mode [ 'doc/callback.md', 436, 438 ]
232 info preinstall bindings@1.2.1
233 verbose readDependencies loading dependencies from D:\app\wamp\www\LSP\node_modules\bcrypt\node_modules\bindings\package.json
234 verbose readDependencies loading dependencies from D:\app\wamp\www\LSP\node_modules\bcrypt\node_modules\bindings\package.json
235 silly gunzTarPerm extractEntry doc/converters.md
236 silly gunzTarPerm modified mode [ 'doc/converters.md', 436, 438 ]
237 silly gunzTarPerm extractEntry doc/errors.md
238 silly gunzTarPerm modified mode [ 'doc/errors.md', 436, 438 ]
239 silly install resolved []
240 verbose about to build D:\app\wamp\www\LSP\node_modules\bcrypt\node_modules\bindings
241 info build D:\app\wamp\www\LSP\node_modules\bcrypt\node_modules\bindings
242 info linkStuff bindings@1.2.1
243 silly linkStuff bindings@1.2.1 has D:\app\wamp\www\LSP\node_modules\bcrypt\node_modules as its parent node_modules
244 verbose linkBins bindings@1.2.1
245 verbose linkMans bindings@1.2.1
246 verbose rebuildBundles bindings@1.2.1
247 info install bindings@1.2.1
248 info postinstall bindings@1.2.1
249 silly gunzTarPerm extractEntry doc/maybe_types.md
250 silly gunzTarPerm modified mode [ 'doc/maybe_types.md', 436, 438 ]
251 silly gunzTarPerm extractEntry doc/methods.md
252 silly gunzTarPerm modified mode [ 'doc/methods.md', 436, 438 ]
253 verbose unlock done using C:\Users\David\AppData\Roaming\npm-cache\_locks\bindings-553792a97765421b.lock for D:\app\wamp\www\LSP\node_modules\bcrypt\node_modules\bindings
254 silly gunzTarPerm extractEntry doc/asyncworker.md
255 silly gunzTarPerm modified mode [ 'doc/asyncworker.md', 436, 438 ]
256 silly gunzTarPerm extractEntry doc/node_misc.md
257 silly gunzTarPerm modified mode [ 'doc/node_misc.md', 436, 438 ]
258 silly gunzTarPerm extractEntry doc/persistent.md
259 silly gunzTarPerm modified mode [ 'doc/persistent.md', 436, 438 ]
260 silly gunzTarPerm extractEntry doc/scopes.md
261 silly gunzTarPerm modified mode [ 'doc/scopes.md', 436, 438 ]
262 silly gunzTarPerm extractEntry doc/script.md
263 silly gunzTarPerm modified mode [ 'doc/script.md', 436, 438 ]
264 silly gunzTarPerm extractEntry doc/string_bytes.md
265 silly gunzTarPerm modified mode [ 'doc/string_bytes.md', 436, 438 ]
266 silly gunzTarPerm extractEntry doc/v8_internals.md
267 silly gunzTarPerm modified mode [ 'doc/v8_internals.md', 436, 438 ]
268 silly gunzTarPerm extractEntry doc/v8_misc.md
269 silly gunzTarPerm modified mode [ 'doc/v8_misc.md', 436, 438 ]
270 silly gunzTarPerm extractEntry nan.h
271 silly gunzTarPerm modified mode [ 'nan.h', 436, 438 ]
272 silly gunzTarPerm extractEntry nan_callbacks.h
273 silly gunzTarPerm modified mode [ 'nan_callbacks.h', 436, 438 ]
274 silly gunzTarPerm extractEntry nan_callbacks_12_inl.h
275 silly gunzTarPerm modified mode [ 'nan_callbacks_12_inl.h', 436, 438 ]
276 silly gunzTarPerm extractEntry nan_callbacks_pre_12_inl.h
277 silly gunzTarPerm modified mode [ 'nan_callbacks_pre_12_inl.h', 436, 438 ]
278 silly gunzTarPerm extractEntry nan_converters_43_inl.h
279 silly gunzTarPerm modified mode [ 'nan_converters_43_inl.h', 436, 438 ]
280 silly gunzTarPerm extractEntry nan_converters_pre_43_inl.h
281 silly gunzTarPerm modified mode [ 'nan_converters_pre_43_inl.h', 436, 438 ]
282 silly gunzTarPerm extractEntry nan_implementation_12_inl.h
283 silly gunzTarPerm modified mode [ 'nan_implementation_12_inl.h', 436, 438 ]
284 silly gunzTarPerm extractEntry nan_implementation_pre_12_inl.h
285 silly gunzTarPerm modified mode [ 'nan_implementation_pre_12_inl.h', 436, 438 ]
286 silly gunzTarPerm extractEntry nan_maybe_43_inl.h
287 silly gunzTarPerm modified mode [ 'nan_maybe_43_inl.h', 436, 438 ]
288 silly gunzTarPerm extractEntry nan_maybe_pre_43_inl.h
289 silly gunzTarPerm modified mode [ 'nan_maybe_pre_43_inl.h', 436, 438 ]
290 silly gunzTarPerm extractEntry nan_new.h
291 silly gunzTarPerm modified mode [ 'nan_new.h', 436, 438 ]
292 silly gunzTarPerm extractEntry nan_object_wrap.h
293 silly gunzTarPerm modified mode [ 'nan_object_wrap.h', 436, 438 ]
294 silly gunzTarPerm extractEntry nan_persistent_12_inl.h
295 silly gunzTarPerm modified mode [ 'nan_persistent_12_inl.h', 436, 438 ]
296 silly gunzTarPerm extractEntry nan_persistent_pre_12_inl.h
297 silly gunzTarPerm modified mode [ 'nan_persistent_pre_12_inl.h', 436, 438 ]
298 silly gunzTarPerm extractEntry nan_string_bytes.h
299 silly gunzTarPerm modified mode [ 'nan_string_bytes.h', 436, 438 ]
300 silly gunzTarPerm extractEntry nan_weak.h
301 silly gunzTarPerm modified mode [ 'nan_weak.h', 436, 438 ]
302 silly gunzTarPerm extractEntry CHANGELOG.md
303 silly gunzTarPerm modified mode [ 'CHANGELOG.md', 436, 438 ]
304 silly gunzTarPerm extractEntry tools/package.json
305 silly gunzTarPerm modified mode [ 'tools/package.json', 436, 438 ]
306 silly gunzTarPerm extractEntry tools/README.md
307 silly gunzTarPerm modified mode [ 'tools/README.md', 436, 438 ]
308 silly gunzTarPerm extractEntry tools/1to2.js
309 silly gunzTarPerm modified mode [ 'tools/1to2.js', 509, 511 ]
310 verbose write writing to D:\app\wamp\www\LSP\node_modules\bcrypt\node_modules\nan\package.json
311 info preinstall nan@2.0.5
312 verbose readDependencies loading dependencies from D:\app\wamp\www\LSP\node_modules\bcrypt\node_modules\nan\package.json
313 verbose readDependencies loading dependencies from D:\app\wamp\www\LSP\node_modules\bcrypt\node_modules\nan\package.json
314 silly install resolved []
315 verbose about to build D:\app\wamp\www\LSP\node_modules\bcrypt\node_modules\nan
316 info build D:\app\wamp\www\LSP\node_modules\bcrypt\node_modules\nan
317 info linkStuff nan@2.0.5
318 silly linkStuff nan@2.0.5 has D:\app\wamp\www\LSP\node_modules\bcrypt\node_modules as its parent node_modules
319 verbose linkBins nan@2.0.5
320 verbose linkMans nan@2.0.5
321 verbose rebuildBundles nan@2.0.5
322 info install nan@2.0.5
323 info postinstall nan@2.0.5
324 verbose unlock done using C:\Users\David\AppData\Roaming\npm-cache\_locks\nan-9ea5a7083e69c6e4.lock for D:\app\wamp\www\LSP\node_modules\bcrypt\node_modules\nan
325 verbose about to build D:\app\wamp\www\LSP\node_modules\bcrypt
326 info build D:\app\wamp\www\LSP\node_modules\bcrypt
327 info linkStuff bcrypt@0.8.5
328 silly linkStuff bcrypt@0.8.5 has D:\app\wamp\www\LSP\node_modules as its parent node_modules
329 verbose linkBins bcrypt@0.8.5
330 verbose linkMans bcrypt@0.8.5
331 verbose rebuildBundles bcrypt@0.8.5
332 verbose rebuildBundles [ 'bindings', 'nan' ]
333 info install bcrypt@0.8.5
334 verbose unsafe-perm in lifecycle true
335 info bcrypt@0.8.5 Failed to exec install script
336 verbose unlock done using C:\Users\David\AppData\Roaming\npm-cache\_locks\bcrypt-a046ca4be916174c.lock for D:\app\wamp\www\LSP\node_modules\bcrypt
337 verbose stack Error: bcrypt@0.8.5 install: `node-gyp rebuild`
337 verbose stack Exit status 1
337 verbose stack     at EventEmitter.<anonymous> (C:\Program Files (x86)\nodejs\node_modules\npm\lib\utils\lifecycle.js:213:16)
337 verbose stack     at EventEmitter.emit (events.js:110:17)
337 verbose stack     at ChildProcess.<anonymous> (C:\Program Files (x86)\nodejs\node_modules\npm\lib\utils\spawn.js:24:14)
337 verbose stack     at ChildProcess.emit (events.js:110:17)
337 verbose stack     at maybeClose (child_process.js:1015:16)
337 verbose stack     at Process.ChildProcess._handle.onexit (child_process.js:1087:5)
338 verbose pkgid bcrypt@0.8.5
339 verbose cwd D:\app\wamp\www\LSP
340 error Windows_NT 6.3.9600
341 error argv "C:\\Program Files (x86)\\nodejs\\\\node.exe" "C:\\Program Files (x86)\\nodejs\\node_modules\\npm\\bin\\npm-cli.js" "install" "bcrypt"
342 error node v0.12.7
343 error npm  v2.11.3
344 error code ELIFECYCLE
345 error bcrypt@0.8.5 install: `node-gyp rebuild`
345 error Exit status 1
346 error Failed at the bcrypt@0.8.5 install script 'node-gyp rebuild'.
346 error This is most likely a problem with the bcrypt package,
346 error not with npm itself.
346 error Tell the author that this fails on your system:
346 error     node-gyp rebuild
346 error You can get their info via:
346 error     npm owner ls bcrypt
346 error There is likely additional logging output above.
347 verbose exit [ 1, true ]
348 verbose unbuild node_modules\bcrypt
349 info preuninstall bcrypt@0.8.5
350 info uninstall bcrypt@0.8.5
351 verbose unbuild rmStuff bcrypt@0.8.5 from D:\app\wamp\www\LSP\node_modules
352 info postuninstall bcrypt@0.8.5
353 silly gentlyRm D:\app\wamp\www\LSP\node_modules\bcrypt is being purged from base D:\app\wamp\www\LSP
354 verbose gentlyRm don't care about contents; nuking D:\app\wamp\www\LSP\node_modules\bcrypt
355 silly vacuum-fs purging D:\app\wamp\www\LSP\node_modules\bcrypt
356 silly vacuum-fs quitting because other entries in D:\app\wamp\www\LSP\node_modules
